$ next build
- info Loaded env from /Users/phillo/code/youtubeCreator/apps/editor/.env
- info Linting and checking validity of types...

./src/pages/login.tsx
50:8  Warning: React Hook useEffect has a missing dependency: 'setEditorId'. Either include it or remove the dependency array.  react-hooks/exhaustive-deps

./src/pages/signup.tsx
51:6  Warning: React Hook useEffect has a missing dependency: 'setEditorId'. Either include it or remove the dependency array.  react-hooks/exhaustive-deps

./src/pages/videos/assigned/[assignedId].tsx
33:6  Warning: React Hook useEffect has missing dependencies: 'router' and 'video'. Either include them or remove the dependency array. If 'setVideo' needs the current value of 'video', you can also switch to useReducer instead of useState and read 'video' in the reducer.  react-hooks/exhaustive-deps

./src/pages/videos/assigned/index.tsx
17:8  Warning: React Hook useEffect has missing dependencies: 'assigned' and 'setAssignedVideos'. Either include them or remove the dependency array.  react-hooks/exhaustive-deps

./src/pages/videos/edit/index.tsx
21:6  Warning: React Hook useEffect has missing dependencies: 'setEditedVideos' and 'videos'. Either include them or remove the dependency array. If 'setVideos' needs the current value of 'videos', you can also switch to useReducer instead of useState and read 'videos' in the reducer.  react-hooks/exhaustive-deps

./src/pages/videos/leger/index.tsx
22:6  Warning: React Hook useEffect has missing dependencies: 'legers', 'localLegers.length', 'setAllLegers', and 'setLegers'. Either include them or remove the dependency array.  react-hooks/exhaustive-deps

./src/pages/videos/raw/[videoId].tsx
33:6  Warning: React Hook useEffect has missing dependencies: 'hasApplied', 'router', 'video', and 'videoId'. Either include them or remove the dependency array. If 'setVideo' needs the current value of 'video', you can also switch to useReducer instead of useState and read 'video' in the reducer.  react-hooks/exhaustive-deps

./src/pages/videos/raw/index.tsx
19:6  Warning: React Hook useEffect has missing dependencies: 'setRawVideos' and 'videos'. Either include them or remove the dependency array.  react-hooks/exhaustive-deps

info  - Need to disable some ESLint rules? Learn more here: https://nextjs.org/docs/basic-features/eslint#disabling-rules
- info Creating an optimized production build...
- info Compiled successfully
- info Collecting page data...
- info Generating static pages (0/6)
- info Generating static pages (1/6)
- info Generating static pages (2/6)
- info Generating static pages (4/6)
- info Generating static pages (6/6)
- info Finalizing page optimization...

Route (pages)                              Size     First Load JS
┌ ○ /                                      545 B           185 kB
├   /_app                                  0 B             184 kB
├ ○ /404                                   181 B           184 kB
├ λ /api/auth/me                           0 B             184 kB
├ λ /api/editor/login                      0 B             184 kB
├ λ /api/editor/signup                     0 B             184 kB
├ λ /api/hello                             0 B             184 kB
├ λ /api/middle                            0 B             184 kB
├ λ /api/video/addEditCredential           0 B             184 kB
├ λ /api/video/addEditVideo                0 B             184 kB
├ λ /api/video/addToLeger                  0 B             184 kB
├ λ /api/video/fetchVideo                  0 B             184 kB
├ λ /api/video/getAssignedVideo            0 B             184 kB
├ λ /api/video/getAssignedVideos           0 B             184 kB
├ λ /api/video/getLegers                   0 B             184 kB
├ λ /api/video/getPutSignedUrl             0 B             184 kB
├ λ /api/video/getSignedUrl                0 B             184 kB
├ λ /api/video/getVideos                   0 B             184 kB
├ λ /api/video/removeFromLeger             0 B             184 kB
├ λ /api/video/signedUrls                  0 B             184 kB
├ ○ /login                                 679 B           196 kB
├ ○ /signup                                677 B           196 kB
├ λ /videos/assigned                       810 B           196 kB
├ λ /videos/assigned/[assignedId]          1.28 kB         196 kB
├ λ /videos/edit                           821 B           196 kB
├ λ /videos/leger                          807 B           196 kB
├ λ /videos/raw                            803 B           196 kB
├ λ /videos/raw/[videoId]                  1.06 kB         196 kB
└ ○ /videos/upload                         1.18 kB         196 kB
+ First Load JS shared by all              188 kB
  ├ chunks/framework-80778c2cd359dca2.js   45.2 kB
  ├ chunks/main-fddf096c9287bb20.js        29.3 kB
  ├ chunks/pages/_app-f7b1d21d7b52c45f.js  109 kB
  ├ chunks/webpack-38cee4c0e358b1a3.js     862 B
  └ css/e82ca5b391085db9.css               3.5 kB

λ  (Server)  server-side renders at runtime (uses getInitialProps or getServerSideProps)
○  (Static)  automatically rendered as static HTML (uses no initial props)

